<?xml version="1.0" encoding="UTF-8"?>
<testng-results ignored="0" total="1" passed="1" failed="0" skipped="0">
  <reporter-output>
  </reporter-output>
  <suite started-at="2023-03-18T16:18:59 EDT" name="Suite" finished-at="2023-03-18T16:19:05 EDT" duration-ms="6853">
    <groups>
    </groups>
    <test started-at="2023-03-18T16:18:59 EDT" name="login validation" finished-at="2023-03-18T16:19:05 EDT" duration-ms="6853">
      <class name="capstoneSIT.mainTest.App">
        <test-method is-config="true" signature="launchApplication()[pri:0, instance:capstoneSIT.mainTest.App@3adcc812]" started-at="2023-03-18T16:18:59 EDT" name="launchApplication" finished-at="2023-03-18T16:19:01 EDT" duration-ms="2778" status="PASS">
          <reporter-output>
          </reporter-output>
        </test-method> <!-- launchApplication -->
        <test-method signature="login()[pri:0, instance:capstoneSIT.mainTest.App@3adcc812]" started-at="2023-03-18T16:19:01 EDT" name="login" finished-at="2023-03-18T16:19:05 EDT" duration-ms="3868" status="PASS">
          <reporter-output>
          </reporter-output>
        </test-method> <!-- login -->
      </class> <!-- capstoneSIT.mainTest.App -->
    </test> <!-- login validation -->
  </suite> <!-- Suite -->
</testng-results>
