<?xml version="1.0" encoding="UTF-8"?>
<testng-results ignored="0" total="1" passed="1" failed="0" skipped="0">
  <reporter-output>
  </reporter-output>
  <suite started-at="2023-04-12T19:10:47 EDT" name="Default suite" finished-at="2023-04-12T19:11:22 EDT" duration-ms="34640">
    <groups>
    </groups>
    <test started-at="2023-04-12T19:10:47 EDT" name="Default test" finished-at="2023-04-12T19:11:22 EDT" duration-ms="34640">
      <class name="capstoneSIT.mainTest.ReviewerMain">
        <test-method is-config="true" signature="launchApplication()[pri:0, instance:capstoneSIT.mainTest.ReviewerMain@52b1beb6]" started-at="2023-04-12T19:10:47 EDT" name="launchApplication" finished-at="2023-04-12T19:10:51 EDT" duration-ms="3809" status="PASS">
          <reporter-output>
          </reporter-output>
        </test-method> <!-- launchApplication -->
        <test-method signature="testReviewer()[pri:0, instance:capstoneSIT.mainTest.ReviewerMain@52b1beb6]" started-at="2023-04-12T19:10:51 EDT" name="testReviewer" finished-at="2023-04-12T19:11:21 EDT" duration-ms="30365" status="PASS">
          <reporter-output>
          </reporter-output>
        </test-method> <!-- testReviewer -->
        <test-method is-config="true" signature="tearDown()[pri:0, instance:capstoneSIT.mainTest.ReviewerMain@52b1beb6]" started-at="2023-04-12T19:11:21 EDT" name="tearDown" finished-at="2023-04-12T19:11:22 EDT" duration-ms="398" status="PASS">
          <reporter-output>
          </reporter-output>
        </test-method> <!-- tearDown -->
      </class> <!-- capstoneSIT.mainTest.ReviewerMain -->
    </test> <!-- Default test -->
  </suite> <!-- Default suite -->
</testng-results>
