<?xml version="1.0" encoding="UTF-8"?>
<!-- Generated by org.testng.reporters.JUnitXMLReporter -->
<testsuite ignored="0" hostname="KASHISH_0987" failures="1" tests="2" name="login validation" time="56.531" errors="0" timestamp="2023-04-02T16:06:31 EDT">
  <testcase classname="capstoneSIT.mainTest.App" name="login" time="23.676"/>
  <testcase classname="capstoneSIT.mainTest.App" name="loginFailed" time="0.543">
    <failure type="org.junit.ComparisonFailure" message="expected:&amp;lt;https://alpha[coderz.cyclic.app]/&amp;gt; but was:&amp;lt;https://alpha[-coderz.onrender.com]/&amp;gt;">
      <![CDATA[org.junit.ComparisonFailure: expected:<https://alpha[coderz.cyclic.app]/> but was:<https://alpha[-coderz.onrender.com]/>
at org.junit.Assert.assertEquals(Assert.java:115)
at org.junit.Assert.assertEquals(Assert.java:144)
at capstoneSIT.mainTest.App.loginFailed(App.java:85)
at java.base/java.util.ArrayList.forEach(ArrayList.java:1511)
at java.base/java.util.concurrent.FutureTask.run(FutureTask.java:264)
at java.base/java.util.concurrent.ThreadPoolExecutor.runWorker(ThreadPoolExecutor.java:1136)
at java.base/java.util.concurrent.ThreadPoolExecutor$Worker.run(ThreadPoolExecutor.java:635)
at java.base/java.lang.Thread.run(Thread.java:833)
... Removed 17 stack frames]]>
    </failure>
  </testcase> <!-- loginFailed -->
</testsuite> <!-- login validation -->
